Log file open, 01/23/19 17:51:47
LogWindows: Failed to load 'aqProf.dll' (GetLastError=126)
LogWindows: File 'aqProf.dll' does not exist
LogWindows: Failed to load 'VtuneApi.dll' (GetLastError=126)
LogWindows: File 'VtuneApi.dll' does not exist
LogWindows: Failed to load 'VtuneApi32e.dll' (GetLastError=126)
LogWindows: File 'VtuneApi32e.dll' does not exist
LogConsoleResponse: Display: Failed to find resolution value strings in scalability ini. Falling back to default.
LogInit: Display: Running engine for game: PlatformerGame
LogPakFile: Registered encryption key '00000000000000000000000000000000': 0 pak files mounted, 0 remain pending
LogPlatformFile: Not using cached read wrapper
LogTaskGraph: Started task graph with 5 named threads and 11 total threads with 3 sets of task threads.
LogStats: Stats thread started at 11.016193
LogD3D11RHI: Loaded GFSDK_Aftermath_Lib.x64.dll
LogICUInternationalization: ICU TimeZone Detection - Raw Offset: +1:00, Platform Override: ''
LogPluginManager: Mounting plugin Paper2D
LogPluginManager: Mounting plugin AISupport
LogPluginManager: Mounting plugin LightPropagationVolume
LogPluginManager: Mounting plugin ActorLayerUtilities
LogPluginManager: Mounting plugin CLionSourceCodeAccess
LogPluginManager: Mounting plugin CodeLiteSourceCodeAccess
LogPluginManager: Mounting plugin GitSourceControl
LogPluginManager: Mounting plugin KDevelopSourceCodeAccess
LogPluginManager: Mounting plugin NullSourceCodeAccess
LogPluginManager: Mounting plugin PerforceSourceControl
LogPluginManager: Mounting plugin SubversionSourceControl
LogPluginManager: Mounting plugin UObjectPlugin
LogPluginManager: Mounting plugin VisualStudioCodeSourceCodeAccess
LogPluginManager: Mounting plugin VisualStudioSourceCodeAccess
LogPluginManager: Mounting plugin XCodeSourceCodeAccess
LogPluginManager: Mounting plugin AssetManagerEditor
LogPluginManager: Mounting plugin CryptoKeys
LogPluginManager: Mounting plugin DataValidation
LogPluginManager: Mounting plugin FacialAnimation
LogPluginManager: Mounting plugin GameplayTagsEditor
LogPluginManager: Mounting plugin MacGraphicsSwitching
LogPluginManager: Mounting plugin MeshEditor
LogPluginManager: Mounting plugin MobileLauncherProfileWizard
LogPluginManager: Mounting plugin PluginBrowser
LogPluginManager: Mounting plugin SpeedTreeImporter
LogPluginManager: Mounting plugin DatasmithContent
LogPluginManager: Mounting plugin VariantManagerContent
LogPluginManager: Mounting plugin AlembicImporter
LogPluginManager: Mounting plugin AppleImageUtils
LogPluginManager: Mounting plugin AppleVision
LogPluginManager: Mounting plugin BackChannel
LogPluginManager: Mounting plugin CharacterAI
LogPluginManager: Mounting plugin GeometryCache
LogPluginManager: Mounting plugin HTML5Networking
LogPluginManager: Mounting plugin ProxyLODPlugin
LogPluginManager: Mounting plugin MagicLeap
LogPluginManager: Mounting plugin MagicLeapMedia
LogPluginManager: Mounting plugin AndroidMedia
LogPluginManager: Mounting plugin AvfMedia
LogPluginManager: Mounting plugin ImgMedia
LogPluginManager: Mounting plugin LinearTimecode
LogPluginManager: Mounting plugin MediaCompositing
LogPluginManager: Mounting plugin MediaPlayerEditor
LogPluginManager: Mounting plugin WebMMedia
LogPluginManager: Mounting plugin WmfMedia
LogPluginManager: Mounting plugin TcpMessaging
LogPluginManager: Mounting plugin UdpMessaging
LogPluginManager: Mounting plugin ActorSequence
LogPluginManager: Mounting plugin LevelSequenceEditor
LogPluginManager: Mounting plugin MatineeToLevelSequence
LogPluginManager: Mounting plugin NetcodeUnitTest
LogPluginManager: Mounting plugin NUTUnrealEngine4
LogPluginManager: Mounting plugin OnlineSubsystemGooglePlay
LogPluginManager: Mounting plugin OnlineSubsystemIOS
LogPluginManager: Mounting plugin OnlineSubsystem
LogPluginManager: Mounting plugin OnlineSubsystemNull
LogPluginManager: Mounting plugin OnlineSubsystemUtils
LogPluginManager: Mounting plugin LauncherChunkInstaller
LogPluginManager: Mounting plugin AndroidDeviceProfileSelector
LogPluginManager: Mounting plugin AndroidMoviePlayer
LogPluginManager: Mounting plugin AndroidPermission
LogPluginManager: Mounting plugin AppleMoviePlayer
LogPluginManager: Mounting plugin ArchVisCharacter
LogPluginManager: Mounting plugin AudioCapture
LogPluginManager: Mounting plugin CableComponent
LogPluginManager: Mounting plugin CustomMeshComponent
LogPluginManager: Mounting plugin EditableMesh
LogPluginManager: Mounting plugin ExampleDeviceProfileSelector
LogPluginManager: Mounting plugin Firebase
LogPluginManager: Mounting plugin GoogleCloudMessaging
LogPluginManager: Mounting plugin IOSDeviceProfileSelector
LogPluginManager: Mounting plugin LinuxDeviceProfileSelector
LogPluginManager: Mounting plugin LocationServicesBPLibrary
LogPluginManager: Mounting plugin MobilePatchingUtils
LogPluginManager: Mounting plugin OculusVR
LogPluginManager: Mounting plugin PhysXVehicles
LogPluginManager: Mounting plugin ProceduralMeshComponent
LogPluginManager: Mounting plugin RuntimePhysXCooking
LogPluginManager: Mounting plugin SteamVR
LogPluginManager: Mounting plugin WebMMoviePlayer
LogPluginManager: Mounting plugin WindowsMoviePlayer
LogPluginManager: Mounting plugin FootIK
LogStreaming: Display: Took  0.325s to configure plugins.
LogInit: Using libcurl 7.55.1-DEV
LogInit:  - built for x86_64-pc-win32
LogInit:  - supports SSL with OpenSSL/1.0.2h
LogInit:  - supports HTTP deflate (compression) using libz 1.2.8
LogInit:  - other features:
LogInit:      CURL_VERSION_SSL
LogInit:      CURL_VERSION_LIBZ
LogInit:      CURL_VERSION_IPV6
LogInit:      CURL_VERSION_ASYNCHDNS
LogInit:      CURL_VERSION_LARGEFILE
LogInit:      CURL_VERSION_IDN
LogInit:  CurlRequestOptions (configurable via config and command line):
LogInit:  - bVerifyPeer = true  - Libcurl will verify peer certificate
LogInit:  - bUseHttpProxy = false  - Libcurl will NOT use HTTP proxy
LogInit:  - bDontReuseConnections = false  - Libcurl will reuse connections
LogInit:  - MaxHostConnections = 16  - Libcurl will limit the number of connections to a host
LogInit:  - LocalHostAddr = Default
LogInit:  - BufferSize = 65536
LogInit: WinSock: version 1.1 (2.2), MaxSocks=32767, MaxUdp=65467
LogInit: Build: ++UE4+Release-4.21-CL-4613538
LogInit: Engine Version: 4.21.1-4613538+++UE4+Release-4.21
LogInit: Compatible Engine Version: 4.21.0-4541578+++UE4+Release-4.21
LogInit: Net CL: 4541578
LogInit: OS: Windows 10 (), CPU: Intel(R) Core(TM) i5-4300U CPU @ 1.90GHz, GPU: Intel(R) HD Graphics Family
LogInit: Compiled (64-bit): Nov 30 2018 04:13:25
LogInit: Compiled with Visual C++: 19.13.26129.00
LogInit: Build Configuration: Development
LogInit: Branch Name: ++UE4+Release-4.21
LogInit: Command Line: 
LogInit: Base Directory: C:/Program Files/Epic Games/UE_4.21/Engine/Binaries/Win64/
LogInit: Installed Engine Build: 1
LogDevObjectVersion: Number of dev versions registered: 22
LogDevObjectVersion:   Dev-Blueprints (B0D832E4-1F89-4F0D-ACCF-7EB736FD4AA2): 10
LogDevObjectVersion:   Dev-Build (E1C64328-A22C-4D53-A36C-8E866417BD8C): 0
LogDevObjectVersion:   Dev-Core (375EC13C-06E4-48FB-B500-84F0262A717E): 2
LogDevObjectVersion:   Dev-Editor (E4B068ED-F494-42E9-A231-DA0B2E46BB41): 26
LogDevObjectVersion:   Dev-Framework (CFFC743F-43B0-4480-9391-14DF171D2073): 34
LogDevObjectVersion:   Dev-Mobile (B02B49B5-BB20-44E9-A304-32B752E40360): 2
LogDevObjectVersion:   Dev-Networking (A4E4105C-59A1-49B5-A7C5-40C4547EDFEE): 0
LogDevObjectVersion:   Dev-Online (39C831C9-5AE6-47DC-9A44-9C173E1C8E7C): 0
LogDevObjectVersion:   Dev-Physics (78F01B33-EBEA-4F98-B9B4-84EACCB95AA2): 0
LogDevObjectVersion:   Dev-Platform (6631380F-2D4D-43E0-8009-CF276956A95A): 0
LogDevObjectVersion:   Dev-Rendering (12F88B9F-8875-4AFC-A67C-D90C383ABD29): 27
LogDevObjectVersion:   Dev-Sequencer (7B5AE74C-D270-4C10-A958-57980B212A5A): 9
LogDevObjectVersion:   Dev-VR (D7296918-1DD6-4BDD-9DE2-64A83CC13884): 2
LogDevObjectVersion:   Dev-LoadTimes (C2A15278-BFE7-4AFE-6C17-90FF531DF755): 1
LogDevObjectVersion:   Private-Geometry (6EACA3D4-40EC-4CC1-B786-8BED09428FC5): 3
LogDevObjectVersion:   Dev-AnimPhys (29E575DD-E0A3-4627-9D10-D276232CDCEA): 17
LogDevObjectVersion:   Dev-Anim (AF43A65D-7FD3-4947-9873-3E8ED9C1BB05): 2
LogDevObjectVersion:   Dev-ReflectionCapture (6B266CEC-1EC7-4B8F-A30B-E4D90942FC07): 1
LogDevObjectVersion:   Dev-Automation (0DF73D61-A23F-47EA-B727-89E90C41499A): 1
LogDevObjectVersion:   FortniteMain (601D1886-AC64-4F84-AA16-D3DE0DEAC7D6): 17
LogDevObjectVersion:   Dev-Enterprise (9DFFBCD6-494F-0158-E221-12823C92A888): 4
LogDevObjectVersion:   Dev-Niagara (F2AED0AC-9AFE-416F-8664-AA7FFA26D6FC): 1
LogStreaming: Display: Took  0.001s to delete old logs.
LogInit: Presizing for max 8388607 objects, including 0 objects not considered by GC, pre-allocating 0 bytes for permanent pool.
LogInit: Object subsystem initialized
LogConfig: Setting CVar [[con.DebugEarlyDefault:1]]
LogConfig: Setting CVar [[r.setres:1280x720]]
[2019.01.23-16.51.48:827][  0]LogConfig: Setting CVar [[r.VSync:0]]
[2019.01.23-16.51.48:827][  0]LogConfig: Setting CVar [[r.RHICmdBypass:0]]
[2019.01.23-16.51.48:827][  0]LogConfig: Setting CVar [[r.setres:1280x720]]
[2019.01.23-16.51.48:827][  0]LogConfig: Applying CVar settings from Section [/Script/Engine.RendererSettings] File [C:/Users/Andrea/Desktop/ENSC/Unreal Engine/unreal-engine-platformer-game/PlatformerGame/Saved/Config/Windows/Engine.ini]
[2019.01.23-16.51.48:827][  0]LogConfig: Setting CVar [[r.GPUCrashDebugging:0]]
[2019.01.23-16.51.48:827][  0]LogConfig: Setting CVar [[r.TonemapperFilm:0]]
[2019.01.23-16.51.48:827][  0]LogConfig: Setting CVar [[r.Mobile.DisableVertexFog:0]]
[2019.01.23-16.51.48:827][  0]LogConfig: Applying CVar settings from Section [/Script/Engine.RendererOverrideSettings] File [C:/Users/Andrea/Desktop/ENSC/Unreal Engine/unreal-engine-platformer-game/PlatformerGame/Saved/Config/Windows/Engine.ini]
[2019.01.23-16.51.48:827][  0]LogConfig: Applying CVar settings from Section [/Script/Engine.StreamingSettings] File [C:/Users/Andrea/Desktop/ENSC/Unreal Engine/unreal-engine-platformer-game/PlatformerGame/Saved/Config/Windows/Engine.ini]
[2019.01.23-16.51.48:827][  0]LogConfig: Setting CVar [[s.MinBulkDataSizeForAsyncLoading:131072]]
[2019.01.23-16.51.48:827][  0]LogConfig: Setting CVar [[s.AsyncLoadingThreadEnabled:0]]
[2019.01.23-16.51.48:827][  0]LogConfig: Setting CVar [[s.EventDrivenLoaderEnabled:1]]
[2019.01.23-16.51.48:827][  0]LogConfig: Setting CVar [[s.WarnIfTimeLimitExceeded:0]]
[2019.01.23-16.51.48:827][  0]LogConfig: Setting CVar [[s.TimeLimitExceededMultiplier:1.5]]
[2019.01.23-16.51.48:827][  0]LogConfig: Setting CVar [[s.TimeLimitExceededMinTime:0.005]]
[2019.01.23-16.51.48:827][  0]LogConfig: Setting CVar [[s.UseBackgroundLevelStreaming:1]]
[2019.01.23-16.51.48:828][  0]LogConfig: Setting CVar [[s.PriorityAsyncLoadingExtraTime:15.0]]
[2019.01.23-16.51.48:828][  0]LogConfig: Setting CVar [[s.LevelStreamingActorsUpdateTimeLimit:5.0]]
[2019.01.23-16.51.48:828][  0]LogConfig: Setting CVar [[s.PriorityLevelStreamingActorsUpdateExtraTime:5.0]]
[2019.01.23-16.51.48:828][  0]LogConfig: Setting CVar [[s.LevelStreamingComponentsRegistrationGranularity:10]]
[2019.01.23-16.51.48:828][  0]LogConfig: Setting CVar [[s.UnregisterComponentsTimeLimit:1.0]]
[2019.01.23-16.51.48:828][  0]LogConfig: Setting CVar [[s.LevelStreamingComponentsUnregistrationGranularity:5]]
[2019.01.23-16.51.48:828][  0]LogConfig: Applying CVar settings from Section [/Script/Engine.GarbageCollectionSettings] File [C:/Users/Andrea/Desktop/ENSC/Unreal Engine/unreal-engine-platformer-game/PlatformerGame/Saved/Config/Windows/Engine.ini]
[2019.01.23-16.51.48:828][  0]LogConfig: Setting CVar [[gc.MaxObjectsNotConsideredByGC:1]]
[2019.01.23-16.51.48:828][  0]LogConfig: Setting CVar [[gc.SizeOfPermanentObjectPool:0]]
[2019.01.23-16.51.48:828][  0]LogConfig: Setting CVar [[gc.FlushStreamingOnGC:0]]
[2019.01.23-16.51.48:828][  0]LogConfig: Setting CVar [[gc.NumRetriesBeforeForcingGC:10]]
[2019.01.23-16.51.48:828][  0]LogConfig: Setting CVar [[gc.AllowParallelGC:1]]
[2019.01.23-16.51.48:828][  0]LogConfig: Setting CVar [[gc.TimeBetweenPurgingPendingKillObjects:61.1]]
[2019.01.23-16.51.48:828][  0]LogConfig: Setting CVar [[gc.MaxObjectsInEditor:8388607]]
[2019.01.23-16.51.48:828][  0]LogConfig: Setting CVar [[gc.IncrementalBeginDestroyEnabled:1]]
[2019.01.23-16.51.48:828][  0]LogConfig: Setting CVar [[gc.CreateGCClusters:1]]
[2019.01.23-16.51.48:828][  0]LogConfig: Setting CVar [[gc.MergeGCClusters:0]]
[2019.01.23-16.51.48:828][  0]LogConfig: Setting CVar [[gc.MinGCClusterSize:5]]
[2019.01.23-16.51.48:828][  0]LogConfig: Setting CVar [[gc.ActorClusteringEnabled:0]]
[2019.01.23-16.51.48:828][  0]LogConfig: Setting CVar [[gc.BlueprintClusteringEnabled:0]]
[2019.01.23-16.51.48:828][  0]LogConfig: Setting CVar [[gc.UseDisregardForGCOnDedicatedServers:0]]
[2019.01.23-16.51.48:828][  0]LogConfig: Applying CVar settings from Section [/Script/Engine.NetworkSettings] File [C:/Users/Andrea/Desktop/ENSC/Unreal Engine/unreal-engine-platformer-game/PlatformerGame/Saved/Config/Windows/Engine.ini]
[2019.01.23-16.51.48:828][  0]LogConfig: Applying CVar settings from Section [/Script/UnrealEd.CookerSettings] File [C:/Users/Andrea/Desktop/ENSC/Unreal Engine/unreal-engine-platformer-game/PlatformerGame/Saved/Config/Windows/Engine.ini]
[2019.01.23-16.51.48:843][  0]LogConfig: Applying CVar settings from Section [ViewDistanceQuality@3] File [C:/Users/Andrea/Desktop/ENSC/Unreal Engine/unreal-engine-platformer-game/PlatformerGame/Saved/Config/Windows/Scalability.ini]
[2019.01.23-16.51.48:843][  0]LogConfig: Setting CVar [[r.SkeletalMeshLODBias:0]]
[2019.01.23-16.51.48:843][  0]LogConfig: Setting CVar [[r.ViewDistanceScale:1.0]]
[2019.01.23-16.51.48:844][  0]LogConfig: Applying CVar settings from Section [AntiAliasingQuality@3] File [C:/Users/Andrea/Desktop/ENSC/Unreal Engine/unreal-engine-platformer-game/PlatformerGame/Saved/Config/Windows/Scalability.ini]
[2019.01.23-16.51.48:844][  0]LogConfig: Setting CVar [[r.PostProcessAAQuality:4]]
[2019.01.23-16.51.48:844][  0]LogConfig: Applying CVar settings from Section [ShadowQuality@3] File [C:/Users/Andrea/Desktop/ENSC/Unreal Engine/unreal-engine-platformer-game/PlatformerGame/Saved/Config/Windows/Scalability.ini]
[2019.01.23-16.51.48:844][  0]LogConfig: Setting CVar [[r.LightFunctionQuality:1]]
[2019.01.23-16.51.48:844][  0]LogConfig: Setting CVar [[r.ShadowQuality:5]]
[2019.01.23-16.51.48:844][  0]LogConfig: Setting CVar [[r.Shadow.CSM.MaxCascades:10]]
[2019.01.23-16.51.48:844][  0]LogConfig: Setting CVar [[r.Shadow.MaxResolution:2048]]
[2019.01.23-16.51.48:844][  0]LogConfig: Setting CVar [[r.Shadow.MaxCSMResolution:2048]]
[2019.01.23-16.51.48:844][  0]LogConfig: Setting CVar [[r.Shadow.RadiusThreshold:0.01]]
[2019.01.23-16.51.48:844][  0]LogConfig: Setting CVar [[r.Shadow.DistanceScale:1.0]]
[2019.01.23-16.51.48:844][  0]LogConfig: Setting CVar [[r.Shadow.CSM.TransitionScale:1.0]]
[2019.01.23-16.51.48:844][  0]LogConfig: Setting CVar [[r.Shadow.PreShadowResolutionFactor:1.0]]
[2019.01.23-16.51.48:844][  0]LogConfig: Setting CVar [[r.DistanceFieldShadowing:1]]
[2019.01.23-16.51.48:844][  0]LogConfig: Setting CVar [[r.DistanceFieldAO:1]]
[2019.01.23-16.51.48:844][  0]LogConfig: Setting CVar [[r.AOQuality:2]]
[2019.01.23-16.51.48:844][  0]LogConfig: Setting CVar [[r.VolumetricFog:1]]
[2019.01.23-16.51.48:844][  0]LogConfig: Setting CVar [[r.VolumetricFog.GridPixelSize:8]]
[2019.01.23-16.51.48:844][  0]LogConfig: Setting CVar [[r.VolumetricFog.GridSizeZ:128]]
[2019.01.23-16.51.48:844][  0]LogConfig: Setting CVar [[r.VolumetricFog.HistoryMissSupersampleCount:4]]
[2019.01.23-16.51.48:844][  0]LogConfig: Setting CVar [[r.LightMaxDrawDistanceScale:1]]
[2019.01.23-16.51.48:844][  0]LogConfig: Setting CVar [[r.CapsuleShadows:1]]
[2019.01.23-16.51.48:844][  0]LogConfig: Applying CVar settings from Section [PostProcessQuality@3] File [C:/Users/Andrea/Desktop/ENSC/Unreal Engine/unreal-engine-platformer-game/PlatformerGame/Saved/Config/Windows/Scalability.ini]
[2019.01.23-16.51.48:844][  0]LogConfig: Setting CVar [[r.MotionBlurQuality:4]]
[2019.01.23-16.51.48:844][  0]LogConfig: Setting CVar [[r.AmbientOcclusionMipLevelFactor:0.4]]
[2019.01.23-16.51.48:844][  0]LogConfig: Setting CVar [[r.AmbientOcclusionMaxQuality:100]]
[2019.01.23-16.51.48:844][  0]LogConfig: Setting CVar [[r.AmbientOcclusionLevels:-1]]
[2019.01.23-16.51.48:845][  0]LogConfig: Setting CVar [[r.AmbientOcclusionRadiusScale:1.0]]
[2019.01.23-16.51.48:845][  0]LogConfig: Setting CVar [[r.DepthOfFieldQuality:2]]
[2019.01.23-16.51.48:845][  0]LogConfig: Setting CVar [[r.RenderTargetPoolMin:400]]
[2019.01.23-16.51.48:845][  0]LogConfig: Setting CVar [[r.LensFlareQuality:2]]
[2019.01.23-16.51.48:845][  0]LogConfig: Setting CVar [[r.SceneColorFringeQuality:1]]
[2019.01.23-16.51.48:845][  0]LogConfig: Setting CVar [[r.EyeAdaptationQuality:2]]
[2019.01.23-16.51.48:845][  0]LogConfig: Setting CVar [[r.BloomQuality:5]]
[2019.01.23-16.51.48:845][  0]LogConfig: Setting CVar [[r.FastBlurThreshold:100]]
[2019.01.23-16.51.48:845][  0]LogConfig: Setting CVar [[r.Upscale.Quality:3]]
[2019.01.23-16.51.48:845][  0]LogConfig: Setting CVar [[r.Tonemapper.GrainQuantization:1]]
[2019.01.23-16.51.48:845][  0]LogConfig: Setting CVar [[r.LightShaftQuality:1]]
[2019.01.23-16.51.48:845][  0]LogConfig: Setting CVar [[r.Filter.SizeScale:1]]
[2019.01.23-16.51.48:845][  0]LogConfig: Setting CVar [[r.Tonemapper.Quality:5]]
[2019.01.23-16.51.48:845][  0]LogConfig: Setting CVar [[r.DOF.Gather.AccumulatorQuality:1        ; higher gathering accumulator quality]]
[2019.01.23-16.51.48:845][  0]LogConfig: Setting CVar [[r.DOF.Gather.PostfilterMethod:1          ; Median3x3 postfilering method]]
[2019.01.23-16.51.48:845][  0]LogConfig: Setting CVar [[r.DOF.Gather.EnableBokehSettings:0       ; no bokeh simulation when gathering]]
[2019.01.23-16.51.48:845][  0]LogConfig: Setting CVar [[r.DOF.Gather.RingCount:4                 ; medium number of samples when gathering]]
[2019.01.23-16.51.48:845][  0]LogConfig: Setting CVar [[r.DOF.Scatter.ForegroundCompositing:1    ; additive foreground scattering]]
[2019.01.23-16.51.48:845][  0]LogConfig: Setting CVar [[r.DOF.Scatter.BackgroundCompositing:2    ; additive background scattering]]
[2019.01.23-16.51.48:845][  0]LogConfig: Setting CVar [[r.DOF.Scatter.EnableBokehSettings:1      ; bokeh simulation when scattering]]
[2019.01.23-16.51.48:845][  0]LogConfig: Setting CVar [[r.DOF.Scatter.MaxSpriteRatio:0.1         ; only a maximum of 10% of scattered bokeh]]
[2019.01.23-16.51.48:845][  0]LogConfig: Setting CVar [[r.DOF.Recombine.Quality:1                ; cheap slight out of focus]]
[2019.01.23-16.51.48:845][  0]LogConfig: Setting CVar [[r.DOF.Recombine.EnableBokehSettings:0    ; no bokeh simulation on slight out of focus]]
[2019.01.23-16.51.48:845][  0]LogConfig: Setting CVar [[r.DOF.TemporalAAQuality:1                ; more stable temporal accumulation]]
[2019.01.23-16.51.48:846][  0]LogConfig: Setting CVar [[r.DOF.Kernel.MaxForegroundRadius:0.025]]
[2019.01.23-16.51.48:846][  0]LogConfig: Setting CVar [[r.DOF.Kernel.MaxBackgroundRadius:0.025]]
[2019.01.23-16.51.48:846][  0]LogConfig: Applying CVar settings from Section [TextureQuality@3] File [C:/Users/Andrea/Desktop/ENSC/Unreal Engine/unreal-engine-platformer-game/PlatformerGame/Saved/Config/Windows/Scalability.ini]
[2019.01.23-16.51.48:846][  0]LogConfig: Setting CVar [[r.Streaming.MipBias:0]]
[2019.01.23-16.51.48:846][  0]LogConfig: Setting CVar [[r.Streaming.AmortizeCPUToGPUCopy:0]]
[2019.01.23-16.51.48:846][  0]LogConfig: Setting CVar [[r.Streaming.MaxNumTexturesToStreamPerFrame:0]]
[2019.01.23-16.51.48:846][  0]LogConfig: Setting CVar [[r.Streaming.Boost:1]]
[2019.01.23-16.51.48:846][  0]LogConfig: Setting CVar [[r.MaxAnisotropy:8]]
[2019.01.23-16.51.48:846][  0]LogConfig: Setting CVar [[r.Streaming.LimitPoolSizeToVRAM:0]]
[2019.01.23-16.51.48:846][  0]LogConfig: Setting CVar [[r.Streaming.PoolSize:1000]]
[2019.01.23-16.51.48:846][  0]LogConfig: Setting CVar [[r.Streaming.MaxEffectiveScreenSize:0]]
[2019.01.23-16.51.48:846][  0]LogConfig: Applying CVar settings from Section [EffectsQuality@3] File [C:/Users/Andrea/Desktop/ENSC/Unreal Engine/unreal-engine-platformer-game/PlatformerGame/Saved/Config/Windows/Scalability.ini]
[2019.01.23-16.51.48:846][  0]LogConfig: Setting CVar [[r.TranslucencyLightingVolumeDim:64]]
[2019.01.23-16.51.48:846][  0]LogConfig: Setting CVar [[r.RefractionQuality:2]]
[2019.01.23-16.51.48:846][  0]LogConfig: Setting CVar [[r.SSR.Quality:3]]
[2019.01.23-16.51.48:846][  0]LogConfig: Setting CVar [[r.SceneColorFormat:4]]
[2019.01.23-16.51.48:846][  0]LogConfig: Setting CVar [[r.DetailMode:2]]
[2019.01.23-16.51.48:846][  0]LogConfig: Setting CVar [[r.TranslucencyVolumeBlur:1]]
[2019.01.23-16.51.48:846][  0]LogConfig: Setting CVar [[r.MaterialQualityLevel:1 ; High quality]]
[2019.01.23-16.51.48:846][  0]LogConfig: Setting CVar [[r.SSS.Scale:1]]
[2019.01.23-16.51.48:846][  0]LogConfig: Setting CVar [[r.SSS.SampleSet:2]]
[2019.01.23-16.51.48:846][  0]LogConfig: Setting CVar [[r.SSS.Quality:1]]
[2019.01.23-16.51.48:846][  0]LogConfig: Setting CVar [[r.SSS.HalfRes:1]]
[2019.01.23-16.51.48:846][  0]LogConfig: Setting CVar [[r.EmitterSpawnRateScale:1.0]]
[2019.01.23-16.51.48:846][  0]LogConfig: Setting CVar [[r.ParticleLightQuality:2]]
[2019.01.23-16.51.48:846][  0]LogConfig: Applying CVar settings from Section [FoliageQuality@3] File [C:/Users/Andrea/Desktop/ENSC/Unreal Engine/unreal-engine-platformer-game/PlatformerGame/Saved/Config/Windows/Scalability.ini]
[2019.01.23-16.51.48:846][  0]LogConfig: Setting CVar [[foliage.DensityScale:1.0]]
[2019.01.23-16.51.48:846][  0]LogConfig: Setting CVar [[grass.DensityScale:1.0]]
[2019.01.23-16.51.48:849][  0]LogInit: Selected Device Profile: [Windows]
[2019.01.23-16.51.48:850][  0]LogInit: Applying CVar settings loaded from the selected device profile: [Windows]
[2019.01.23-16.51.48:878][  0]LogHAL: Display: Platform has ~ 4 GB [4195418112 / 4294967296 / 4], which maps to Smallest [LargestMinGB=32, LargerMinGB=12, DefaultMinGB=8, SmallerMinGB=6, SmallestMinGB=0)
[2019.01.23-16.51.48:881][  0]LogConfig: Setting CVar [[r.Vulkan.UseRealUBs:1]]
[2019.01.23-16.51.48:882][  0]LogInit: Going up to parent DeviceProfile []
[2019.01.23-16.51.48:883][  0]LogConfig: Applying CVar settings from Section [ViewDistanceQuality@3] File [C:/Users/Andrea/Desktop/ENSC/Unreal Engine/unreal-engine-platformer-game/PlatformerGame/Saved/Config/Windows/Scalability.ini]
[2019.01.23-16.51.48:883][  0]LogConfig: Setting CVar [[r.SkeletalMeshLODBias:0]]
[2019.01.23-16.51.48:883][  0]LogConfig: Setting CVar [[r.ViewDistanceScale:1.0]]
[2019.01.23-16.51.48:883][  0]LogConfig: Applying CVar settings from Section [AntiAliasingQuality@3] File [C:/Users/Andrea/Desktop/ENSC/Unreal Engine/unreal-engine-platformer-game/PlatformerGame/Saved/Config/Windows/Scalability.ini]
[2019.01.23-16.51.48:883][  0]LogConfig: Setting CVar [[r.PostProcessAAQuality:4]]
[2019.01.23-16.51.48:883][  0]LogConfig: Applying CVar settings from Section [ShadowQuality@3] File [C:/Users/Andrea/Desktop/ENSC/Unreal Engine/unreal-engine-platformer-game/PlatformerGame/Saved/Config/Windows/Scalability.ini]
[2019.01.23-16.51.48:883][  0]LogConfig: Setting CVar [[r.LightFunctionQuality:1]]
[2019.01.23-16.51.48:883][  0]LogConfig: Setting CVar [[r.ShadowQuality:5]]
[2019.01.23-16.51.48:883][  0]LogConfig: Setting CVar [[r.Shadow.CSM.MaxCascades:10]]
[2019.01.23-16.51.48:883][  0]LogConfig: Setting CVar [[r.Shadow.MaxResolution:2048]]
[2019.01.23-16.51.48:883][  0]LogConfig: Setting CVar [[r.Shadow.MaxCSMResolution:2048]]
[2019.01.23-16.51.48:883][  0]LogConfig: Setting CVar [[r.Shadow.RadiusThreshold:0.01]]
[2019.01.23-16.51.48:883][  0]LogConfig: Setting CVar [[r.Shadow.DistanceScale:1.0]]
[2019.01.23-16.51.48:883][  0]LogConfig: Setting CVar [[r.Shadow.CSM.TransitionScale:1.0]]
[2019.01.23-16.51.48:883][  0]LogConfig: Setting CVar [[r.Shadow.PreShadowResolutionFactor:1.0]]
[2019.01.23-16.51.48:883][  0]LogConfig: Setting CVar [[r.DistanceFieldShadowing:1]]
[2019.01.23-16.51.48:883][  0]LogConfig: Setting CVar [[r.DistanceFieldAO:1]]
[2019.01.23-16.51.48:883][  0]LogConfig: Setting CVar [[r.AOQuality:2]]
[2019.01.23-16.51.48:883][  0]LogConfig: Setting CVar [[r.VolumetricFog:1]]
[2019.01.23-16.51.48:884][  0]LogConfig: Setting CVar [[r.VolumetricFog.GridPixelSize:8]]
[2019.01.23-16.51.48:884][  0]LogConfig: Setting CVar [[r.VolumetricFog.GridSizeZ:128]]
[2019.01.23-16.51.48:884][  0]LogConfig: Setting CVar [[r.VolumetricFog.HistoryMissSupersampleCount:4]]
[2019.01.23-16.51.48:884][  0]LogConfig: Setting CVar [[r.LightMaxDrawDistanceScale:1]]
[2019.01.23-16.51.48:884][  0]LogConfig: Setting CVar [[r.CapsuleShadows:1]]
[2019.01.23-16.51.48:884][  0]LogConfig: Applying CVar settings from Section [PostProcessQuality@3] File [C:/Users/Andrea/Desktop/ENSC/Unreal Engine/unreal-engine-platformer-game/PlatformerGame/Saved/Config/Windows/Scalability.ini]
[2019.01.23-16.51.48:884][  0]LogConfig: Setting CVar [[r.MotionBlurQuality:4]]
[2019.01.23-16.51.48:884][  0]LogConfig: Setting CVar [[r.AmbientOcclusionMipLevelFactor:0.4]]
[2019.01.23-16.51.48:884][  0]LogConfig: Setting CVar [[r.AmbientOcclusionMaxQuality:100]]
[2019.01.23-16.51.48:884][  0]LogConfig: Setting CVar [[r.AmbientOcclusionLevels:-1]]
[2019.01.23-16.51.48:884][  0]LogConfig: Setting CVar [[r.AmbientOcclusionRadiusScale:1.0]]
[2019.01.23-16.51.48:884][  0]LogConfig: Setting CVar [[r.DepthOfFieldQuality:2]]
[2019.01.23-16.51.48:884][  0]LogConfig: Setting CVar [[r.RenderTargetPoolMin:400]]
[2019.01.23-16.51.48:884][  0]LogConfig: Setting CVar [[r.LensFlareQuality:2]]
[2019.01.23-16.51.48:884][  0]LogConfig: Setting CVar [[r.SceneColorFringeQuality:1]]
[2019.01.23-16.51.48:884][  0]LogConfig: Setting CVar [[r.EyeAdaptationQuality:2]]
[2019.01.23-16.51.48:884][  0]LogConfig: Setting CVar [[r.BloomQuality:5]]
[2019.01.23-16.51.48:884][  0]LogConfig: Setting CVar [[r.FastBlurThreshold:100]]
[2019.01.23-16.51.48:884][  0]LogConfig: Setting CVar [[r.Upscale.Quality:3]]
[2019.01.23-16.51.48:884][  0]LogConfig: Setting CVar [[r.Tonemapper.GrainQuantization:1]]
[2019.01.23-16.51.48:884][  0]LogConfig: Setting CVar [[r.LightShaftQuality:1]]
[2019.01.23-16.51.48:884][  0]LogConfig: Setting CVar [[r.Filter.SizeScale:1]]
[2019.01.23-16.51.48:884][  0]LogConfig: Setting CVar [[r.Tonemapper.Quality:5]]
[2019.01.23-16.51.48:884][  0]LogConfig: Setting CVar [[r.DOF.Gather.AccumulatorQuality:1        ; higher gathering accumulator quality]]
[2019.01.23-16.51.48:884][  0]LogConfig: Setting CVar [[r.DOF.Gather.PostfilterMethod:1          ; Median3x3 postfilering method]]
[2019.01.23-16.51.48:884][  0]LogConfig: Setting CVar [[r.DOF.Gather.EnableBokehSettings:0       ; no bokeh simulation when gathering]]
[2019.01.23-16.51.48:884][  0]LogConfig: Setting CVar [[r.DOF.Gather.RingCount:4                 ; medium number of samples when gathering]]
[2019.01.23-16.51.48:884][  0]LogConfig: Setting CVar [[r.DOF.Scatter.ForegroundCompositing:1    ; additive foreground scattering]]
[2019.01.23-16.51.48:884][  0]LogConfig: Setting CVar [[r.DOF.Scatter.BackgroundCompositing:2    ; additive background scattering]]
[2019.01.23-16.51.48:884][  0]LogConfig: Setting CVar [[r.DOF.Scatter.EnableBokehSettings:1      ; bokeh simulation when scattering]]
[2019.01.23-16.51.48:884][  0]LogConfig: Setting CVar [[r.DOF.Scatter.MaxSpriteRatio:0.1         ; only a maximum of 10% of scattered bokeh]]
[2019.01.23-16.51.48:884][  0]LogConfig: Setting CVar [[r.DOF.Recombine.Quality:1                ; cheap slight out of focus]]
[2019.01.23-16.51.48:884][  0]LogConfig: Setting CVar [[r.DOF.Recombine.EnableBokehSettings:0    ; no bokeh simulation on slight out of focus]]
[2019.01.23-16.51.48:885][  0]LogConfig: Setting CVar [[r.DOF.TemporalAAQuality:1                ; more stable temporal accumulation]]
[2019.01.23-16.51.48:885][  0]LogConfig: Setting CVar [[r.DOF.Kernel.MaxForegroundRadius:0.025]]
[2019.01.23-16.51.48:885][  0]LogConfig: Setting CVar [[r.DOF.Kernel.MaxBackgroundRadius:0.025]]
[2019.01.23-16.51.48:885][  0]LogConfig: Applying CVar settings from Section [TextureQuality@3] File [C:/Users/Andrea/Desktop/ENSC/Unreal Engine/unreal-engine-platformer-game/PlatformerGame/Saved/Config/Windows/Scalability.ini]
[2019.01.23-16.51.48:885][  0]LogConfig: Setting CVar [[r.Streaming.MipBias:0]]
[2019.01.23-16.51.48:885][  0]LogConfig: Setting CVar [[r.Streaming.AmortizeCPUToGPUCopy:0]]
[2019.01.23-16.51.48:885][  0]LogConfig: Setting CVar [[r.Streaming.MaxNumTexturesToStreamPerFrame:0]]
[2019.01.23-16.51.48:885][  0]LogConfig: Setting CVar [[r.Streaming.Boost:1]]
[2019.01.23-16.51.48:885][  0]LogConfig: Setting CVar [[r.MaxAnisotropy:8]]
[2019.01.23-16.51.48:885][  0]LogConfig: Setting CVar [[r.Streaming.LimitPoolSizeToVRAM:0]]
[2019.01.23-16.51.48:885][  0]LogConfig: Setting CVar [[r.Streaming.PoolSize:1000]]
[2019.01.23-16.51.48:885][  0]LogConfig: Setting CVar [[r.Streaming.MaxEffectiveScreenSize:0]]
[2019.01.23-16.51.48:885][  0]LogConfig: Applying CVar settings from Section [EffectsQuality@3] File [C:/Users/Andrea/Desktop/ENSC/Unreal Engine/unreal-engine-platformer-game/PlatformerGame/Saved/Config/Windows/Scalability.ini]
[2019.01.23-16.51.48:885][  0]LogConfig: Setting CVar [[r.TranslucencyLightingVolumeDim:64]]
[2019.01.23-16.51.48:885][  0]LogConfig: Setting CVar [[r.RefractionQuality:2]]
[2019.01.23-16.51.48:885][  0]LogConfig: Setting CVar [[r.SSR.Quality:3]]
[2019.01.23-16.51.48:885][  0]LogConfig: Setting CVar [[r.SceneColorFormat:4]]
[2019.01.23-16.51.48:885][  0]LogConfig: Setting CVar [[r.DetailMode:2]]
[2019.01.23-16.51.48:885][  0]LogConfig: Setting CVar [[r.TranslucencyVolumeBlur:1]]
[2019.01.23-16.51.48:885][  0]LogConfig: Setting CVar [[r.MaterialQualityLevel:1 ; High quality]]
[2019.01.23-16.51.48:885][  0]LogConfig: Setting CVar [[r.SSS.Scale:1]]
[2019.01.23-16.51.48:885][  0]LogConfig: Setting CVar [[r.SSS.SampleSet:2]]
[2019.01.23-16.51.48:885][  0]LogConfig: Setting CVar [[r.SSS.Quality:1]]
[2019.01.23-16.51.48:885][  0]LogConfig: Setting CVar [[r.SSS.HalfRes:1]]
[2019.01.23-16.51.48:885][  0]LogConfig: Setting CVar [[r.EmitterSpawnRateScale:1.0]]
[2019.01.23-16.51.48:885][  0]LogConfig: Setting CVar [[r.ParticleLightQuality:2]]
[2019.01.23-16.51.48:885][  0]LogConfig: Applying CVar settings from Section [FoliageQuality@3] File [C:/Users/Andrea/Desktop/ENSC/Unreal Engine/unreal-engine-platformer-game/PlatformerGame/Saved/Config/Windows/Scalability.ini]
[2019.01.23-16.51.48:885][  0]LogConfig: Setting CVar [[foliage.DensityScale:1.0]]
[2019.01.23-16.51.48:885][  0]LogConfig: Setting CVar [[grass.DensityScale:1.0]]
[2019.01.23-16.51.48:886][  0]LogConfig: Applying CVar settings from Section [Startup] File [../../../Engine/Config/ConsoleVariables.ini]
[2019.01.23-16.51.48:888][  0]LogConfig: Setting CVar [[net.UseAdaptiveNetUpdateFrequency:0]]
[2019.01.23-16.51.48:888][  0]LogConfig: Applying CVar settings from Section [ConsoleVariables] File [C:/Users/Andrea/Desktop/ENSC/Unreal Engine/unreal-engine-platformer-game/PlatformerGame/Saved/Config/Windows/Engine.ini]
[2019.01.23-16.51.48:891][  0]LogInit: Computer: SURFACE-DEDERS
[2019.01.23-16.51.48:891][  0]LogInit: User: Andrea
[2019.01.23-16.51.48:891][  0]LogInit: CPU Page size=4096, Cores=2
[2019.01.23-16.51.48:891][  0]LogInit: High frequency timer resolution =2.435770 MHz
[2019.01.23-16.51.48:892][  0]LogMemory: Memory total: Physical=3.9GB (4GB approx)
[2019.01.23-16.51.48:892][  0]LogMemory: Platform Memory Stats for Windows
[2019.01.23-16.51.48:892][  0]LogMemory: Process Physical Memory: 102.34 MB used, 102.34 MB peak
[2019.01.23-16.51.48:892][  0]LogMemory: Process Virtual Memory: 92.83 MB used, 92.83 MB peak
[2019.01.23-16.51.48:892][  0]LogMemory: Physical Memory: 3437.79 MB used,  563.27 MB free, 4001.06 MB total
[2019.01.23-16.51.48:892][  0]LogMemory: Virtual Memory: 4622.62 MB used,  134213104.00 MB free, 134217728.00 MB total
[2019.01.23-16.51.49:192][  0]LogInit: Using OS detected language (fr-FR).
[2019.01.23-16.51.49:192][  0]LogInit: Using OS detected locale (fr-FR).
[2019.01.23-16.51.49:202][  0]LogTextLocalizationManager: No specific localization for 'fr-FR' exists, so the 'fr' localization will be used.
[2019.01.23-16.51.49:222][  0]LogStreaming: Display: Took  0.031s to InitEngineTextLocalization.
[2019.01.23-16.51.49:223][  0]LogInit: Setting process to per monitor DPI aware
[2019.01.23-16.51.49:353][  0]LogSlate: New Slate User Created.  User Index 0, Is Virtual User: 0
[2019.01.23-16.51.49:353][  0]LogSlate: Slate User Registered.  User Index 0, Is Virtual User: 0
[2019.01.23-16.51.50:675][  0]LogHMD: Failed to initialize OpenVR with code 110
[2019.01.23-16.51.50:676][  0]LogD3D11RHI: D3D11 adapters:
[2019.01.23-16.51.50:703][  0]LogD3D11RHI:    0. 'Intel(R) HD Graphics Family' (Feature Level 11_0)
[2019.01.23-16.51.50:703][  0]LogD3D11RHI:       112/0/2000 MB DedicatedVideo/DedicatedSystem/SharedSystem, Outputs:1, VendorId:0x8086
[2019.01.23-16.51.50:740][  0]LogD3D11RHI:    1. 'Microsoft Basic Render Driver' (Feature Level 11_0)
[2019.01.23-16.51.50:740][  0]LogD3D11RHI:       0/0/2000 MB DedicatedVideo/DedicatedSystem/SharedSystem, Outputs:0, VendorId:0x1414
[2019.01.23-16.51.50:740][  0]LogD3D11RHI: Chosen D3D11 Adapter: 0
[2019.01.23-16.51.50:764][  0]LogD3D11RHI: Creating new Direct3DDevice
[2019.01.23-16.51.50:765][  0]LogD3D11RHI:     GPU DeviceId: 0xa16 (for the marketing name, search the web for "GPU Device Id")
[2019.01.23-16.51.50:765][  0]LogWindows: EnumDisplayDevices:
[2019.01.23-16.51.50:765][  0]LogWindows:    0. 'Intel(R) HD Graphics Family' (P:1 D:1)
[2019.01.23-16.51.50:766][  0]LogWindows:    1. 'Intel(R) HD Graphics Family' (P:0 D:0)
[2019.01.23-16.51.50:767][  0]LogWindows:    2. 'Intel(R) HD Graphics Family' (P:0 D:0)
[2019.01.23-16.51.50:768][  0]LogWindows: DebugString: FoundDriverCount:3 
[2019.01.23-16.51.50:768][  0]LogD3D11RHI:     Adapter Name: Intel(R) HD Graphics Family
[2019.01.23-16.51.50:768][  0]LogD3D11RHI:   Driver Version: 20.19.15.4568 (internal:20.19.15.4568, unified:20.19.15.4568)
[2019.01.23-16.51.50:768][  0]LogD3D11RHI:      Driver Date: 12-16-2016
[2019.01.23-16.51.50:769][  0]LogRHI: Texture pool is 778 MB (70% of 1112 MB)
[2019.01.23-16.51.50:838][  0]LogD3D11RHI: [IntelMetricsDiscovery] Started
[2019.01.23-16.51.50:838][  0]LogD3D11RHI: Async texture creation enabled
[2019.01.23-16.51.50:902][  0]LogD3D11RHI: GPU Timing Frequency: 12.500000 (Debug: 2 0)
[2019.01.23-16.51.54:223][  0]LogTemp: Display: Loaded TP AllDesktopTargetPlatform
[2019.01.23-16.51.54:264][  0]LogTemp: Display: Loaded TP MacClientTargetPlatform
[2019.01.23-16.51.54:306][  0]LogTemp: Display: Loaded TP MacNoEditorTargetPlatform
[2019.01.23-16.51.54:352][  0]LogTemp: Display: Loaded TP MacServerTargetPlatform
[2019.01.23-16.51.54:396][  0]LogTemp: Display: Loaded TP MacTargetPlatform
[2019.01.23-16.51.54:446][  0]LogTemp: Display: Loaded TP WindowsClientTargetPlatform
[2019.01.23-16.51.54:488][  0]LogTemp: Display: Loaded TP WindowsNoEditorTargetPlatform
[2019.01.23-16.51.54:530][  0]LogTemp: Display: Loaded TP WindowsServerTargetPlatform
[2019.01.23-16.51.54:554][  0]LogTemp: Display: Loaded TP WindowsTargetPlatform
[2019.01.23-16.51.54:785][  0]LogTemp: Display: Loaded TP AndroidTargetPlatform
[2019.01.23-16.51.54:786][  0]LogTemp: Display: Loaded TP AndroidTargetPlatform
[2019.01.23-16.51.54:786][  0]LogTemp: Display: Loaded TP AndroidTargetPlatform
[2019.01.23-16.51.54:786][  0]LogTemp: Display: Loaded TP AndroidTargetPlatform
[2019.01.23-16.51.54:786][  0]LogTemp: Display: Loaded TP AndroidTargetPlatform
[2019.01.23-16.51.54:786][  0]LogTemp: Display: Loaded TP AndroidTargetPlatform
[2019.01.23-16.51.54:786][  0]LogTemp: Display: Loaded TP AndroidTargetPlatform
[2019.01.23-16.51.54:786][  0]LogTemp: Display: Loaded TP AndroidTargetPlatform
[2019.01.23-16.51.54:786][  0]LogTemp: Display: Loaded TP AndroidTargetPlatform
[2019.01.23-16.51.54:786][  0]LogTemp: Display: Loaded TP AndroidTargetPlatform
[2019.01.23-16.51.54:786][  0]LogTemp: Display: Loaded TP AndroidTargetPlatform
[2019.01.23-16.51.54:786][  0]LogTemp: Display: Loaded TP AndroidTargetPlatform
[2019.01.23-16.51.54:786][  0]LogTemp: Display: Loaded TP AndroidTargetPlatform
[2019.01.23-16.51.54:786][  0]LogTemp: Display: Loaded TP AndroidTargetPlatform
[2019.01.23-16.51.54:786][  0]LogTemp: Display: Loaded TP AndroidTargetPlatform
[2019.01.23-16.51.54:786][  0]LogTemp: Display: Loaded TP AndroidTargetPlatform
[2019.01.23-16.51.54:786][  0]LogTemp: Display: Loaded TP AndroidTargetPlatform
[2019.01.23-16.51.54:786][  0]LogTemp: Display: Loaded TP AndroidTargetPlatform
[2019.01.23-16.51.54:802][  0]LogTemp: Display: Loaded TP HTML5TargetPlatform
[2019.01.23-16.51.54:940][  0]LogTemp: Display: Loaded TP IOSTargetPlatform
[2019.01.23-16.51.54:940][  0]LogTemp: Display: Loaded TP IOSTargetPlatform
[2019.01.23-16.51.55:018][  0]LogTemp: Display: Loaded TP TVOSTargetPlatform
[2019.01.23-16.51.55:018][  0]LogTemp: Display: Loaded TP TVOSTargetPlatform
[2019.01.23-16.51.55:054][  0]LogTemp: Display: Loaded TP LinuxClientTargetPlatform
[2019.01.23-16.51.55:091][  0]LogTemp: Display: Loaded TP LinuxNoEditorTargetPlatform
[2019.01.23-16.51.55:130][  0]LogTemp: Display: Loaded TP LinuxServerTargetPlatform
[2019.01.23-16.51.55:169][  0]LogTemp: Display: Loaded TP LinuxTargetPlatform
[2019.01.23-16.51.55:296][  0]LogTemp: Display: Loaded TP LuminTargetPlatform
[2019.01.23-16.51.55:297][  0]LogTemp: Display: Loaded TP LuminTargetPlatform
[2019.01.23-16.51.55:297][  0]LogTargetPlatformManager: Display: Building Assets For Windows
[2019.01.23-16.51.55:659][  0]LogShaderCompilers: Guid format shader working directory is -55 characters bigger than the processId version (../../../../../../Users/Andrea/Desktop/ENSC/Unreal Engine/unreal-engine-platformer-game/PlatformerGame/Intermediate/Shaders/WorkingDirectory/8612/).
[2019.01.23-16.51.55:659][  0]LogShaderCompilers: Cleaned the shader compiler working directory 'C:/Users/Andrea/AppData/Local/Temp/UnrealShaderWorkingDir/F1F655CF4BE0EA7CA2A2939F82633555/'.
[2019.01.23-16.51.55:670][  0]LogXGEController: Cleaning working directory: C:/Users/Andrea/AppData/Local/Temp/UnrealXGEWorkingDir/
[2019.01.23-16.51.55:672][  0]LogXGEController: Cannot use XGE Controller as Incredibuild is not installed on this machine.
[2019.01.23-16.51.55:672][  0]LogShaderCompilers: Cannot use XGE Shader Compiler as Incredibuild is not installed on this machine.
[2019.01.23-16.51.55:672][  0]LogShaderCompilers: Display: Using Local Shader Compiler.
[2019.01.23-16.51.57:540][  0]LogDerivedDataCache: Display: Max Cache Size: 512 MB
[2019.01.23-16.51.59:637][  0]LogDerivedDataCache: Loaded boot cache 2.10s 74MB C:/Users/Andrea/AppData/Local/UnrealEngine/4.21/DerivedDataCache/Boot.ddc.
[2019.01.23-16.51.59:637][  0]LogDerivedDataCache: Display: Loaded Boot cache: C:/Users/Andrea/AppData/Local/UnrealEngine/4.21/DerivedDataCache/Boot.ddc
[2019.01.23-16.51.59:637][  0]LogDerivedDataCache: FDerivedDataBackendGraph:  Pak pak cache file ../../../../../../Users/Andrea/Desktop/ENSC/Unreal Engine/unreal-engine-platformer-game/PlatformerGame/DerivedDataCache/DDC.ddp not found, will not use a pak cache.
[2019.01.23-16.51.59:637][  0]LogDerivedDataCache: Unable to find inner node Pak for hierarchical cache Hierarchy.
[2019.01.23-16.51.59:655][  0]LogDerivedDataCache: Display: Pak cache opened for reading ../../../../../../Users/Andrea/Desktop/ENSC/Unreal Engine/unreal-engine-platformer-game/PlatformerGame/DerivedDataCache/Compressed.ddp.
[2019.01.23-16.51.59:695][  0]LogDerivedDataCache: Display: Pak cache opened for reading ../../../Engine/DerivedDataCache/Compressed.ddp.
[2019.01.23-16.51.59:695][  0]LogDerivedDataCache: FDerivedDataBackendGraph:  EnterprisePak pak cache file ../../../Enterprise/DerivedDataCache/Compressed.ddp not found, will not use a pak cache.
[2019.01.23-16.51.59:696][  0]LogDerivedDataCache: Unable to find inner node EnterprisePak for hierarchical cache Hierarchy.
[2019.01.23-16.51.59:714][  0]LogDerivedDataCache: Using Local data cache path C:/Users/Andrea/AppData/Local/UnrealEngine/Common/DerivedDataCache: Writable
[2019.01.23-16.51.59:714][  0]LogDerivedDataCache: Shared data cache path not found in *engine.ini, will not use an Shared cache.
[2019.01.23-16.51.59:715][  0]LogDerivedDataCache: Unable to find inner node Shared for hierarchical cache Hierarchy.
[2019.01.23-16.51.59:800][  0]LogMaterial: Verifying Global Shaders for PCD3D_SM5
[2019.01.23-16.51.59:817][  0]LogSlate: Using FreeType 2.6.0
[2019.01.23-16.51.59:829][  0]LogSlate: SlateFontServices - WITH_FREETYPE: 1, WITH_HARFBUZZ: 1
[2019.01.23-16.52.00:311][  0]LogAssetRegistry: FAssetRegistry took 0.0869 seconds to start up
[2019.01.23-16.52.01:575][  0]LogInit: Selected Device Profile: [Windows]
[2019.01.23-16.52.02:254][  0]LogSimplygon: Simplygon DLL not present - disabling.
[2019.01.23-16.52.02:299][  0]LogMeshReduction: Using SimplygonSwarm for distributed automatic mesh merging
[2019.01.23-16.52.02:300][  0]LogMeshReduction: Using ProxyLODMeshReduction for automatic mesh merging
[2019.01.23-16.52.02:302][  0]LogMeshReduction: Using QuadricMeshReduction for automatic static mesh reduction
[2019.01.23-16.52.02:302][  0]LogMeshReduction: No automatic skeletal mesh reduction module available
[2019.01.23-16.52.02:401][  0]LogNetVersion: PlatformerGame 1.0.0, NetCL: 4541578, EngineNetVer: 5, GameNetVer: 0 (Checksum: 42188381)
[2019.01.23-16.52.04:355][  0]LogPackageLocalizationCache: Processed 11 localized package path(s) for 2 prioritized culture(s) in 0.250752 seconds
[2019.01.23-16.52.04:376][  0]LogUObjectArray: 39775 objects as part of root set at end of initial load.
[2019.01.23-16.52.04:376][  0]LogUObjectAllocator: 6914656 out of 0 bytes used by permanent object pool.
[2019.01.23-16.52.04:376][  0]LogUObjectArray: CloseDisregardForGC: 0/0 objects in disregard for GC pool
[2019.01.23-16.52.09:881][  0]LogTcpMessaging: Initializing TcpMessaging bridge
[2019.01.23-16.52.09:926][  0]LogUdpMessaging: Initializing bridge on interface 0.0.0.0:0 to multicast group 230.0.0.1:6666.
[2019.01.23-16.52.12:736][  0]LogMaterial: Display: Missing cached shader map for material ClimbMarker, compiling. 
[2019.01.23-16.52.13:634][  0]LogShaderCompilers: Display: Shaders left to compile 31
[2019.01.23-16.52.13:634][  0]LogShaderCompilers: Display: Shaders left to compile 21
[2019.01.23-16.52.13:634][  0]LogShaderCompilers: Display: Shaders left to compile 11
[2019.01.23-16.52.14:050][  0]LogMaterial: Display: Missing cached shader map for material dust_01, compiling. 
[2019.01.23-16.52.14:137][  0]LogMaterial: Display: Missing cached shader map for material m_spark, compiling. 
[2019.01.23-16.52.14:445][  0]LogMaterial: Display: Missing cached shader map for material dirt_01, compiling. 
[2019.01.23-16.52.14:518][  0]LogMaterial: Display: Missing cached shader map for material M_Robo_02, compiling. 
[2019.01.23-16.52.14:620][  0]LogMaterial: Display: Missing cached shader map for material M_Robo_01, compiling. 
[2019.01.23-16.52.15:413][  0]SourceControl: Source control is disabled
[2019.01.23-16.52.15:413][  0]SourceControl: Source control is disabled
[2019.01.23-16.52.15:434][  0]SourceControl: Source control is disabled
[2019.01.23-16.52.15:443][  0]SourceControl: Source control is disabled
[2019.01.23-16.52.16:073][  0]LogAndroidPermission: UAndroidPermissionCallbackProxy::GetInstance
[2019.01.23-16.52.16:517][  0]LogOcInput: OculusInput pre-init called
[2019.01.23-16.52.17:027][  0]LogEngine: Initializing Engine...
[2019.01.23-16.52.17:035][  0]LogHMD: Failed to initialize OpenVR with code 110
[2019.01.23-16.52.17:044][  0]LogStats: UGameplayTagsManager::ConstructGameplayTagTree: ImportINI prefixes -  0.000 s
[2019.01.23-16.52.17:044][  0]LogStats: UGameplayTagsManager::ConstructGameplayTagTree: Construct from data asset -  0.000 s
[2019.01.23-16.52.17:045][  0]LogStats: UGameplayTagsManager::ConstructGameplayTagTree: ImportINI -  0.001 s
[2019.01.23-16.52.17:046][  0]LogStats: UGameplayTagsManager::ConstructGameplayTagTree: GameplayTagTreeChangedEvent.Broadcast -  0.000 s
[2019.01.23-16.52.17:989][  0]LogInit: Initializing FReadOnlyCVARCache
[2019.01.23-16.52.18:140][  0]LogAIModule: Creating AISystem for world Untitled
[2019.01.23-16.52.18:370][  0]LogInit: XAudio2 using 'Haut-parleurs (Realtek High Definition Audio)' : 2 channels at 48 kHz using 32 bits per sample (channel mask 0x3)
[2019.01.23-16.52.19:945][  0]LogInit: FAudioDevice initialized.
[2019.01.23-16.52.19:948][  0]LogNetVersion: Set ProjectVersion to 1.0.0.0. Version Checksum will be recalculated on next use.
[2019.01.23-16.52.20:628][  0]LogDerivedDataCache: Saved boot cache 0.68s 74MB C:/Users/Andrea/AppData/Local/UnrealEngine/4.21/DerivedDataCache/Boot.ddc.
[2019.01.23-16.52.20:650][  0]LogInit: Texture streaming: Enabled
[2019.01.23-16.52.20:764][  0]LogEngineSessionManager: EngineSessionManager initialized
[2019.01.23-16.52.20:842][  0]LogInit: Transaction tracking system initialized
[2019.01.23-16.52.21:054][  0]BlueprintLog: New page: Editor Load
[2019.01.23-16.52.21:840][  0]LocalizationService: Localization service is disabled
[2019.01.23-16.52.23:702][  0]LogFileCache: Scanning file cache for directory 'C:/Users/Andrea/Desktop/ENSC/Unreal Engine/unreal-engine-platformer-game/PlatformerGame/Content/' took 0.08s
[2019.01.23-16.52.23:702][  0]LogCook: Display: Max memory allowance for cook 16384mb min free memory 0mb
[2019.01.23-16.52.23:703][  0]LogCook: Display: Mobile HDR setting 1
[2019.01.23-16.52.23:705][  0]LogGameplayTags: Display: UGameplayTagsManager::DoneAddingNativeTags. DelegateIsBound: 0
[2019.01.23-16.52.23:706][  0]LogStats: UGameplayTagsManager::ConstructGameplayTagTree: ImportINI prefixes -  0.000 s
[2019.01.23-16.52.23:706][  0]LogStats: UGameplayTagsManager::ConstructGameplayTagTree: Construct from data asset -  0.000 s
[2019.01.23-16.52.23:706][  0]LogStats: UGameplayTagsManager::ConstructGameplayTagTree: ImportINI -  0.000 s
[2019.01.23-16.52.23:706][  0]LogStats: UGameplayTagsManager::ConstructGameplayTagTree: GameplayTagTreeChangedEvent.Broadcast -  0.000 s
[2019.01.23-16.52.24:605][  0]SourceControl: Source control is disabled
[2019.01.23-16.52.24:641][  0]LightingResults: New page: Lighting Build
[2019.01.23-16.52.24:677][  0]MapCheck: New page: Map Check
[2019.01.23-16.52.24:678][  0]LightingResults: New page: Lighting Build
[2019.01.23-16.52.36:453][  0]LogMaterial: Display: Missing cached shader map for material M_SceneA_Truck, compiling. 
[2019.01.23-16.52.36:584][  0]LogMaterial: Display: Missing cached shader map for material M_SceneA_Smoke, compiling. 
[2019.01.23-16.52.36:622][  0]LogMaterial: Display: Missing cached shader map for material M_SceneA_Newspaper, compiling. 
[2019.01.23-16.52.36:681][  0]LogMaterial: Display: Missing cached shader map for material Bridge_01_Dark_Material, compiling. 
[2019.01.23-16.52.36:836][  0]LogMaterial: Display: Missing cached shader map for material M_Car_Police_01, compiling. 
[2019.01.23-16.52.36:974][  0]LogMaterial: Display: Missing cached shader map for material M_Elevator, compiling. 
[2019.01.23-16.52.37:057][  0]LogMaterial: Display: Missing cached shader map for material M_Car_Cabriolet_01, compiling. 
[2019.01.23-16.52.37:215][  0]LogMaterial: Display: Missing cached shader map for material M_Car_Damaged, compiling. 
[2019.01.23-16.52.37:331][  0]LogMaterial: Display: Missing cached shader map for material M_Car_012RED2, compiling. 
[2019.01.23-16.52.37:442][  0]LogMaterial: Display: Missing cached shader map for material M_Shadow_01_TEMP, compiling. 
[2019.01.23-16.52.37:533][  0]LogMaterial: Display: Missing cached shader map for material M_SceneE_Truck, compiling. 
[2019.01.23-16.52.37:584][  0]LogMaterial: Display: Missing cached shader map for material Frame3_txt3_Mat, compiling. 
[2019.01.23-16.52.37:772][  0]LogMaterial: Display: Missing cached shader map for material Frame3_txt2_Mat, compiling. 
[2019.01.23-16.52.37:902][  0]LogMaterial: Display: Missing cached shader map for material M_Frame3_BG, compiling. 
[2019.01.23-16.52.38:013][  0]LogMaterial: Display: Missing cached shader map for material M_Frame1_BG, compiling. 
[2019.01.23-16.52.38:128][  0]LogMaterial: Display: Missing cached shader map for material M_WaterSpray_3, compiling. 
[2019.01.23-16.52.38:218][  0]LogMaterial: Display: Missing cached shader map for material M_WaterSpray_2, compiling. 
[2019.01.23-16.52.38:461][  0]LogMaterial: Display: Missing cached shader map for material M_FireHydrant, compiling. 
[2019.01.23-16.52.38:585][  0]LogMaterial: Display: Missing cached shader map for material M_WaterSplash_1, compiling. 
[2019.01.23-16.52.38:653][  0]LogMaterial: Display: Missing cached shader map for material M_WaterSpray01, compiling. 
[2019.01.23-16.52.38:776][  0]LogMaterial: Display: Missing cached shader map for material m_flare_02, compiling. 
[2019.01.23-16.52.38:841][  0]LogMaterial: Display: Missing cached shader map for material fire_smoke_3d, compiling. 
[2019.01.23-16.52.39:075][  0]LogMaterial: Display: Missing cached shader map for material M_lightning_01, compiling. 
[2019.01.23-16.52.39:124][  0]LogMaterial: Display: Missing cached shader map for material m_flare_03, compiling. 
[2019.01.23-16.52.39:178][  0]LogMaterial: Display: Missing cached shader map for material m_flare_01, compiling. 
[2019.01.23-16.52.39:249][  0]LogMaterial: Display: Missing cached shader map for material Time_Bonus_Mat, compiling. 
[2019.01.23-16.52.39:390][  0]LogMaterial: Display: Missing cached shader map for material M_SceneC_Car, compiling. 
[2019.01.23-16.52.39:444][  0]LogMaterial: Display: Missing cached shader map for material M_SceneB_Truck, compiling. 
[2019.01.23-16.52.39:478][  0]LogMaterial: Display: Missing cached shader map for material M_SceneB_Car, compiling. 
[2019.01.23-16.52.39:529][  0]LogMaterial: Display: Missing cached shader map for material M_SceneA_Car, compiling. 
[2019.01.23-16.52.39:551][  0]LogMaterial: Display: Missing cached shader map for material M_Frame5_BG, compiling. 
[2019.01.23-16.52.39:575][  0]LogMaterial: Display: Missing cached shader map for material M_Frame4_BG, compiling. 
[2019.01.23-16.52.39:593][  0]LogMaterial: Display: Missing cached shader map for material Bridge_01_Material, compiling. 
[2019.01.23-16.52.39:654][  0]LogMaterial: Display: Missing cached shader map for material M_Asphalt_01, compiling. 
[2019.01.23-16.52.39:737][  0]LogMaterial: Display: Missing cached shader map for material M_Fire_SubUV, compiling. 
[2019.01.23-16.52.39:782][  0]LogMaterial: Display: Missing cached shader map for material smoke_3d2, compiling. 
[2019.01.23-16.52.39:841][  0]LogMaterial: Display: Missing cached shader map for material smoke_3d, compiling. 
[2019.01.23-16.52.40:327][  0]LogMaterial: Display: Missing cached shader map for material M_Sidewalk_01, compiling. 
[2019.01.23-16.52.40:685][  0]LogMaterial: Display: Missing cached shader map for material M_Metal_01_TEMP, compiling. 
[2019.01.23-16.52.40:734][  0]LogMaterial: Display: Missing cached shader map for material M_Frame2_BG, compiling. 
[2019.01.23-16.52.40:945][  0]LogMaterial: Display: Missing cached shader map for material M_Props_01, compiling. 
[2019.01.23-16.52.41:099][  0]LogMaterial: Display: Missing cached shader map for material M_Car_01, compiling. 
[2019.01.23-16.52.41:152][  0]LogMaterial: Display: Missing cached shader map for material M_Choppa_01, compiling. 
[2019.01.23-16.52.41:199][  0]LogMaterial: Display: Missing cached shader map for material M_AirScrew_01, compiling. 
[2019.01.23-16.52.41:269][  0]LogMaterial: Display: Missing cached shader map for material M_Car_01_simple, compiling. 
[2019.01.23-16.52.41:343][  0]LogMaterial: Display: Missing cached shader map for material M_SceneD_Truck, compiling. 
[2019.01.23-16.52.41:381][  0]LogMaterial: Display: Missing cached shader map for material M_SceneD_Car, compiling. 
[2019.01.23-16.52.41:407][  0]LogMaterial: Display: Missing cached shader map for material M_SceneC_Shoot, compiling. 
[2019.01.23-16.52.41:671][  0]LogAIModule: Creating AISystem for world Platformer_StreetSection
[2019.01.23-16.52.42:031][  0]LogStreaming: Display: ULevelStreaming::RequestLevel(/Game/Maps/Platformer_StreetSection_Lights) is flushing async loading
[2019.01.23-16.52.42:031][  0]LogStreaming: Display: Flushing async loaders.
[2019.01.23-16.52.42:416][  0]LogMaterial: Display: Missing cached shader map for material M_Buildings_set_01, compiling. 
[2019.01.23-16.52.42:509][  0]LogMaterial: Display: Missing cached shader map for material M_Building_Facade, compiling. 
[2019.01.23-16.52.42:610][  0]LogMaterial: Display: Missing cached shader map for material M_Distance_Building, compiling. 
[2019.01.23-16.52.42:850][  0]LogStreaming: Display: ULevelStreaming::RequestLevel(/Game/Maps/Platformer_StreetSection_Effects) is flushing async loading
[2019.01.23-16.52.43:067][  0]LogStreaming: Display: ULevelStreaming::RequestLevel(/Game/Maps/Platformer_StreetSection_A) is flushing async loading
[2019.01.23-16.52.43:189][  0]LogStreaming: Display: ULevelStreaming::RequestLevel(/Game/Maps/Platformer_Background_01) is flushing async loading
[2019.01.23-16.52.43:371][  0]LogMaterial: Display: Missing cached shader map for material M_skydome, compiling. 
[2019.01.23-16.52.43:387][  0]LogStreaming: Display: ULevelStreaming::RequestLevel(/Game/Maps/Platformer_Street_01) is flushing async loading
[2019.01.23-16.52.43:970][  0]LogMaterial: Display: Missing cached shader map for material M_Tree_Dark, compiling. 
[2019.01.23-16.52.44:087][  0]LogMaterial: Display: Missing cached shader map for material M_Car_Taxi, compiling. 
[2019.01.23-16.52.44:172][  0]LogMaterial: Display: Missing cached shader map for material M_Grass_01, compiling. 
[2019.01.23-16.52.44:272][  0]LogMaterial: Display: Missing cached shader map for material M_Car_Body_TEMP, compiling. 
[2019.01.23-16.52.44:376][  0]LogMaterial: Display: Missing cached shader map for material M_Signs_set_01, compiling. 
[2019.01.23-16.52.44:474][  0]LogMaterial: Display: Missing cached shader map for material T_Cars_Cards_01_Mat, compiling. 
[2019.01.23-16.52.44:618][  0]LogStreaming: Display: ULevelStreaming::RequestLevel(/Game/Maps/Platformer_Street_02) is flushing async loading
[2019.01.23-16.52.45:061][  0]LogMaterial: Display: Missing cached shader map for material M_Asphalt_02, compiling. 
[2019.01.23-16.52.45:141][  0]LogMaterial: Display: Missing cached shader map for material M_Shadow_Gradient, compiling. 
[2019.01.23-16.52.45:177][  0]LogStreaming: Display: ULevelStreaming::RequestLevel(/Game/Maps/Platformer_Street_03) is flushing async loading
[2019.01.23-16.52.45:488][  0]LogMaterial: Display: Missing cached shader map for material M_Tree_01, compiling. 
[2019.01.23-16.52.45:631][  0]LogStreaming: Display: ULevelStreaming::RequestLevel(/Game/Maps/Platformer_Section_3rd) is flushing async loading
[2019.01.23-16.52.45:961][  0]LogMaterial: Display: Missing cached shader map for material M_Car_012RED, compiling. 
[2019.01.23-16.52.46:046][  0]LogMaterial: Display: Missing cached shader map for material M_Asphalt_Light, compiling. 
[2019.01.23-16.52.46:122][  0]LogStreaming: Display: ULevelStreaming::RequestLevel(/Game/Maps/Platformer_Street_04) is flushing async loading
[2019.01.23-16.52.46:411][  0]LogStreaming: Display: ULevelStreaming::RequestLevel(/Game/Maps/Platformer_Street_05) is flushing async loading
[2019.01.23-16.52.46:773][  0]LogStreaming: Display: ULevelStreaming::RequestLevel(/Game/Maps/Platformer_Street_06) is flushing async loading
[2019.01.23-16.52.46:978][  0]LogStreaming: Display: ULevelStreaming::RequestLevel(/Game/Maps/Platformer_Street_08) is flushing async loading
[2019.01.23-16.52.47:132][  0]LogStreaming: Display: ULevelStreaming::RequestLevel(/Game/Maps/Platformer_Street_09) is flushing async loading
[2019.01.23-16.52.47:325][  0]LogStreaming: Display: ULevelStreaming::RequestLevel(/Game/Maps/Platformer_Street_10) is flushing async loading
[2019.01.23-16.52.47:447][  0]LogStreaming: Display: ULevelStreaming::RequestLevel(/Game/Maps/Platformer_Street_11) is flushing async loading
[2019.01.23-16.52.47:612][  0]LogStreaming: Display: ULevelStreaming::RequestLevel(/Game/Maps/Platformer_Street_12) is flushing async loading
[2019.01.23-16.52.47:706][  0]LogStreaming: Display: ULevelStreaming::RequestLevel(/Game/Maps/Platformer_Street_07) is flushing async loading
[2019.01.23-16.52.47:917][  0]LogMaterial: Display: Missing cached shader map for material M_Props_01, compiling. 
[2019.01.23-16.52.48:003][  0]LogEditorServer: Finished looking for orphan Actors (0.001 secs)
[2019.01.23-16.52.55:777][  0]MapCheck: Repaired painted vertex colors in 0.0s for 1 components in /Game/Maps/Platformer_Street_05.  Resave map to fix. 
[2019.01.23-16.52.55:778][  0]MapCheck: Repaired painted vertex colors in 0.0s for 1 components in /Game/Maps/Platformer_Street_06.  Resave map to fix. 
[2019.01.23-16.52.55:778][  0]MapCheck: Warning: Spent 0.0s repairing painted vertex colors due to static mesh re-imports!  This will happen every load until the maps are resaved. 
[2019.01.23-16.52.55:781][  0]Cmd: MAP CHECKDEP NOCLEARLOG
[2019.01.23-16.52.55:787][  0]MapCheck: Map check complete: 0 Error(s), 1 Warning(s), took 5,341ms to complete.
[2019.01.23-16.52.55:846][  0]LogFileHelpers: Loading map 'Platformer_StreetSection' took 31.241
[2019.01.23-16.52.59:804][  0]LogSlate: Updating window title bar state: overlay mode, drag disabled, window buttons hidden, title bar hidden
[2019.01.23-16.52.59:838][  0]LogSlate: Updating window title bar state: overlay mode, drag disabled, window buttons hidden, title bar hidden
[2019.01.23-16.52.59:865][  0]LogSlate: Updating window title bar state: overlay mode, drag disabled, window buttons hidden, title bar hidden
[2019.01.23-16.52.59:887][  0]LogSlate: Updating window title bar state: overlay mode, drag disabled, window buttons hidden, title bar hidden
[2019.01.23-16.52.59:951][  0]LogCollectionManager: Loaded 0 collections in 0.014750 seconds
[2019.01.23-16.53.00:099][  0]LogFileCache: Scanning file cache for directory 'C:/Users/Andrea/Desktop/ENSC/Unreal Engine/unreal-engine-platformer-game/PlatformerGame/Saved/Collections/' took 0.02s
[2019.01.23-16.53.00:099][  0]LogFileCache: Scanning file cache for directory 'C:/Users/Andrea/Desktop/ENSC/Unreal Engine/unreal-engine-platformer-game/PlatformerGame/Content/Developers/Andrea/Collections/' took 0.02s
[2019.01.23-16.53.00:100][  0]LogFileCache: Scanning file cache for directory 'C:/Users/Andrea/Desktop/ENSC/Unreal Engine/unreal-engine-platformer-game/PlatformerGame/Content/Collections/' took 0.03s
[2019.01.23-16.53.00:100][  0]LogCollectionManager: Rebuilt the GUID cache for 0 collections in 0.000001 seconds
[2019.01.23-16.53.00:363][  0]LogContentBrowser: Native class hierarchy populated in 0.2599 seconds. Added 2665 classes and 632 folders.
[2019.01.23-16.53.00:427][  0]LogContentBrowser: Native class hierarchy updated for 'WidgetCarousel' in 0.0026 seconds. Added 0 classes and 0 folders.
[2019.01.23-16.53.00:450][  0]LogPakFile: Registered encryption key '00000000000000000000000000000000': 0 pak files mounted, 0 remain pending
[2019.01.23-16.53.00:463][  0]LogPakFile: Registered encryption key '00000000000000000000000000000000': 0 pak files mounted, 0 remain pending
[2019.01.23-16.53.00:467][  0]LogPakFile: Registered encryption key '00000000000000000000000000000000': 0 pak files mounted, 0 remain pending
[2019.01.23-16.53.00:470][  0]LogPakFile: Registered encryption key '00000000000000000000000000000000': 0 pak files mounted, 0 remain pending
[2019.01.23-16.53.00:474][  0]LogPakFile: Registered encryption key '00000000000000000000000000000000': 0 pak files mounted, 0 remain pending
[2019.01.23-16.53.00:481][  0]LogPakFile: Registered encryption key '00000000000000000000000000000000': 0 pak files mounted, 0 remain pending
[2019.01.23-16.53.00:485][  0]LogPakFile: Registered encryption key '00000000000000000000000000000000': 0 pak files mounted, 0 remain pending
[2019.01.23-16.53.00:488][  0]LogPakFile: Registered encryption key '00000000000000000000000000000000': 0 pak files mounted, 0 remain pending
[2019.01.23-16.53.00:493][  0]LogPakFile: Registered encryption key '00000000000000000000000000000000': 0 pak files mounted, 0 remain pending
[2019.01.23-16.53.00:498][  0]LogPakFile: Registered encryption key '00000000000000000000000000000000': 0 pak files mounted, 0 remain pending
[2019.01.23-16.53.00:502][  0]LogPakFile: Registered encryption key '00000000000000000000000000000000': 0 pak files mounted, 0 remain pending
[2019.01.23-16.53.00:505][  0]LogPakFile: Registered encryption key '00000000000000000000000000000000': 0 pak files mounted, 0 remain pending
[2019.01.23-16.53.00:509][  0]LogPakFile: Registered encryption key '00000000000000000000000000000000': 0 pak files mounted, 0 remain pending
[2019.01.23-16.53.00:514][  0]LogPakFile: Registered encryption key '00000000000000000000000000000000': 0 pak files mounted, 0 remain pending
[2019.01.23-16.53.00:518][  0]LogPakFile: Registered encryption key '00000000000000000000000000000000': 0 pak files mounted, 0 remain pending
[2019.01.23-16.53.00:524][  0]LogPakFile: Registered encryption key '00000000000000000000000000000000': 0 pak files mounted, 0 remain pending
[2019.01.23-16.53.00:530][  0]LogPakFile: Registered encryption key '00000000000000000000000000000000': 0 pak files mounted, 0 remain pending
[2019.01.23-16.53.00:535][  0]LogPakFile: Registered encryption key '00000000000000000000000000000000': 0 pak files mounted, 0 remain pending
[2019.01.23-16.53.00:539][  0]LogPakFile: Registered encryption key '00000000000000000000000000000000': 0 pak files mounted, 0 remain pending
[2019.01.23-16.53.00:555][  0]LogPakFile: Registered encryption key '00000000000000000000000000000000': 0 pak files mounted, 0 remain pending
[2019.01.23-16.53.00:560][  0]LogPakFile: Registered encryption key '00000000000000000000000000000000': 0 pak files mounted, 0 remain pending
[2019.01.23-16.53.00:565][  0]LogPakFile: Registered encryption key '00000000000000000000000000000000': 0 pak files mounted, 0 remain pending
[2019.01.23-16.53.00:572][  0]LogPakFile: Registered encryption key '00000000000000000000000000000000': 0 pak files mounted, 0 remain pending
[2019.01.23-16.53.00:577][  0]LogPakFile: Registered encryption key '00000000000000000000000000000000': 0 pak files mounted, 0 remain pending
[2019.01.23-16.53.00:580][  0]LogPakFile: Registered encryption key '00000000000000000000000000000000': 0 pak files mounted, 0 remain pending
[2019.01.23-16.53.00:587][  0]LogPakFile: Registered encryption key '00000000000000000000000000000000': 0 pak files mounted, 0 remain pending
[2019.01.23-16.53.01:030][  0]LogContentBrowser: Native class hierarchy updated for 'AddContentDialog' in 0.0018 seconds. Added 0 classes and 0 folders.
[2019.01.23-16.53.01:071][  0]LogContentBrowser: Native class hierarchy updated for 'SceneOutliner' in 0.0017 seconds. Added 1 classes and 2 folders.
[2019.01.23-16.53.01:433][  0]LogSlate: Took 0.005363 seconds to synchronously load lazily loaded font '../../../Engine/Content/Slate/Fonts/Roboto-Regular.ttf' (155K)
[2019.01.23-16.53.01:451][  0]LogSlate: Took 0.002045 seconds to synchronously load lazily loaded font '../../../Engine/Content/Slate/Fonts/Roboto-Bold.ttf' (160K)
[2019.01.23-16.53.01:488][  0]LogSlate: Took 0.004404 seconds to synchronously load lazily loaded font '../../../Engine/Content/Editor/Slate/Fonts/FontAwesome.ttf' (139K)
[2019.01.23-16.53.02:002][  0]LogRenderer: Reallocating scene render targets to support 904x508 Format 10 NumSamples 1 (Frame:1).
[2019.01.23-16.53.10:481][  0]LogRenderer: Warning: Bokeh DOF algorithm is deprecated and will be removed. Consider using the Circle DOF method in post process settings.
[2019.01.23-16.53.20:168][  0]LogContentBrowser: Native class hierarchy updated for 'HierarchicalLODOutliner' in 0.0410 seconds. Added 0 classes and 0 folders.
[2019.01.23-16.53.20:169][  0]LogLoad: (Engine Initialization) Total time: 303.57 seconds
[2019.01.23-16.53.20:169][  0]LogLoad: (Engine Initialization) Total Blueprint compile time: 0.01 seconds
[2019.01.23-16.53.26:901][  0]LogContentStreaming: Texture pool size now 1000 MB
[2019.01.23-16.58.30:022][  1]LogRHI: Error: SyncInterval 0
[2019.01.23-16.58.30:027][  1]LogRHI: Error: SwapChainDesc.BufferDesc.Width 554
[2019.01.23-16.58.30:027][  1]LogRHI: Error: SwapChainDesc.BufferDesc.Height 85
[2019.01.23-16.58.30:027][  1]LogRHI: Error: SwapChainDesc.BufferDesc.RefreshRate.Numerator 0
[2019.01.23-16.58.30:029][  1]LogRHI: Error: SwapChainDesc.BufferDesc.RefreshRate.Denominator 0
[2019.01.23-16.58.30:029][  1]LogRHI: Error: SwapChainDesc.BufferDesc.Format 24
[2019.01.23-16.58.30:029][  1]LogRHI: Error: SwapChainDesc.BufferDesc.ScanlineOrdering 0
[2019.01.23-16.58.30:030][  1]LogRHI: Error: SwapChainDesc.BufferDesc.Scaling 0
[2019.01.23-16.58.30:030][  1]LogRHI: Error: SwapChainDesc.SampleDesc.Count 1
[2019.01.23-16.58.30:030][  1]LogRHI: Error: SwapChainDesc.SampleDesc.Quality 0
[2019.01.23-16.58.30:030][  1]LogRHI: Error: SwapChainDesc.BufferUsage 48
[2019.01.23-16.58.30:030][  1]LogRHI: Error: SwapChainDesc.BufferCount 1
[2019.01.23-16.58.30:030][  1]LogRHI: Error: SwapChainDesc.OutputWindow 00000000000F0F2C
[2019.01.23-16.58.30:030][  1]LogRHI: Error: SwapChainDesc.Windowed true
[2019.01.23-16.58.30:030][  1]LogRHI: Error: SwapChainDesc.SwapEffect 0
[2019.01.23-16.58.30:030][  1]LogRHI: Error: SwapChainDesc.Flags 2
[2019.01.23-16.58.30:031][  1]LogD3D11RHI: Error: Result failed 
 at D:\Build\++UE4\Sync\Engine\Source\Runtime\Windows\D3D11RHI\Private\D3D11Viewport.cpp:361 
 with error DXGI_ERROR_DEVICE_REMOVED DXGI_ERROR_DEVICE_HUNG
[2019.01.23-16.58.30:031][  1]LogD3D11RHI: [Aftermath] GDynamicRHI=000001D1D48A4180, GDX11NVAfterMathEnabled=0, Result=0xFFFFFFFF, bDeviceActive=0
[2019.01.23-16.58.30:033][  1]LogWindows: Windows GetLastError: L’opération a réussi. (0)
[2019.01.23-16.59.12:185][  1]LogUnrealEdMisc: Warning: Heartbeat event firing too frequently (0.000 sec). This should never happen. Something is wrong with the timer delegate!
[2019.01.23-16.59.12:188][  1]LogUnrealEdMisc: Warning: Heartbeat event firing too frequently (0.003 sec). This should never happen. Something is wrong with the timer delegate!
[2019.01.23-16.59.12:188][  1]LogUnrealEdMisc: Warning: Heartbeat event firing too frequently (0.004 sec). This should never happen. Something is wrong with the timer delegate!
[2019.01.23-16.59.12:188][  1]LogUnrealEdMisc: Warning: Heartbeat event firing too frequently (0.004 sec). This should never happen. Something is wrong with the timer delegate!
[2019.01.23-16.59.30:104][  1]LogRHI: Error: SyncInterval 0
[2019.01.23-16.59.30:104][  1]LogRHI: Error: SwapChainDesc.BufferDesc.Width 554
[2019.01.23-16.59.30:107][  1]LogRHI: Error: SwapChainDesc.BufferDesc.Height 85
[2019.01.23-16.59.30:107][  1]LogRHI: Error: SwapChainDesc.BufferDesc.RefreshRate.Numerator 0
[2019.01.23-16.59.30:107][  1]LogRHI: Error: SwapChainDesc.BufferDesc.RefreshRate.Denominator 0
[2019.01.23-16.59.30:107][  1]LogRHI: Error: SwapChainDesc.BufferDesc.Format 24
[2019.01.23-16.59.30:107][  1]LogRHI: Error: SwapChainDesc.BufferDesc.ScanlineOrdering 0
[2019.01.23-16.59.30:107][  1]LogRHI: Error: SwapChainDesc.BufferDesc.Scaling 0
[2019.01.23-16.59.30:107][  1]LogRHI: Error: SwapChainDesc.SampleDesc.Count 1
[2019.01.23-16.59.30:108][  1]LogRHI: Error: SwapChainDesc.SampleDesc.Quality 0
[2019.01.23-16.59.30:108][  1]LogRHI: Error: SwapChainDesc.BufferUsage 48
[2019.01.23-16.59.30:108][  1]LogRHI: Error: SwapChainDesc.BufferCount 1
[2019.01.23-16.59.30:108][  1]LogRHI: Error: SwapChainDesc.OutputWindow 00000000000F0F2C
[2019.01.23-16.59.30:108][  1]LogRHI: Error: SwapChainDesc.Windowed true
[2019.01.23-16.59.30:108][  1]LogRHI: Error: SwapChainDesc.SwapEffect 0
[2019.01.23-16.59.30:108][  1]LogRHI: Error: SwapChainDesc.Flags 2
[2019.01.23-16.59.30:109][  1]LogD3D11RHI: Error: Result failed 
 at D:\Build\++UE4\Sync\Engine\Source\Runtime\Windows\D3D11RHI\Private\D3D11Viewport.cpp:361 
 with error DXGI_ERROR_DEVICE_REMOVED DXGI_ERROR_DEVICE_HUNG
[2019.01.23-16.59.30:110][  1]LogD3D11RHI: [Aftermath] GDynamicRHI=000001D1D48A4180, GDX11NVAfterMathEnabled=0, Result=0xFFFFFFFF, bDeviceActive=0
[2019.01.23-16.59.30:110][  1]LogWindows: FPlatformMisc::RequestExit(1)
[2019.01.23-16.59.33:528][  1]Log file closed, 01/23/19 17:59:33
